Using pre-set license
Built from '2021.3/staging' branch; Version is '2021.3.16f1 (4016570cf34f) revision 4200023'; Using compiler version '192829333'; Build Type 'Release'
OS: 'Windows 11  (10.0.22621) 64bit Professional' Language: 'en' Physical Memory: 14229 MB
BatchMode: 1, IsHumanControllingUs: 0, StartBugReporterOnCrash: 0, Is64bit: 1, IsPro: 1

COMMAND LINE ARGUMENTS:
C:\Program Files\Unity\Hub\Editor\2021.3.16f1\Editor\Unity.exe
-adb2
-batchMode
-noUpm
-name
AssetImportWorker0
-projectPath
D:/Projects/UnityGameEngine/SoftwareEngineering/Word Invaders
-logFile
Logs/AssetImportWorker0.log
-srvPort
65443
Successfully changed project path to: D:/Projects/UnityGameEngine/SoftwareEngineering/Word Invaders
D:/Projects/UnityGameEngine/SoftwareEngineering/Word Invaders
[UnityMemory] Configuration Parameters - Can be set up in boot.config
    "memorysetup-bucket-allocator-granularity=16"
    "memorysetup-bucket-allocator-bucket-count=8"
    "memorysetup-bucket-allocator-block-size=33554432"
    "memorysetup-bucket-allocator-block-count=8"
    "memorysetup-main-allocator-block-size=16777216"
    "memorysetup-thread-allocator-block-size=16777216"
    "memorysetup-gfx-main-allocator-block-size=16777216"
    "memorysetup-gfx-thread-allocator-block-size=16777216"
    "memorysetup-cache-allocator-block-size=4194304"
    "memorysetup-typetree-allocator-block-size=2097152"
    "memorysetup-profiler-bucket-allocator-granularity=16"
    "memorysetup-profiler-bucket-allocator-bucket-count=8"
    "memorysetup-profiler-bucket-allocator-block-size=33554432"
    "memorysetup-profiler-bucket-allocator-block-count=8"
    "memorysetup-profiler-allocator-block-size=16777216"
    "memorysetup-profiler-editor-allocator-block-size=1048576"
    "memorysetup-temp-allocator-size-main=16777216"
    "memorysetup-job-temp-allocator-block-size=2097152"
    "memorysetup-job-temp-allocator-block-size-background=1048576"
    "memorysetup-job-temp-allocator-reduction-small-platforms=262144"
    "memorysetup-temp-allocator-size-background-worker=32768"
    "memorysetup-temp-allocator-size-job-worker=262144"
    "memorysetup-temp-allocator-size-preload-manager=33554432"
    "memorysetup-temp-allocator-size-nav-mesh-worker=65536"
    "memorysetup-temp-allocator-size-audio-worker=65536"
    "memorysetup-temp-allocator-size-cloud-worker=32768"
    "memorysetup-temp-allocator-size-gi-baking-worker=262144"
    "memorysetup-temp-allocator-size-gfx=262144"
Player connection [1908] Host "[IP] 192.168.5.164 [Port] 0 [Flags] 2 [Guid] 3948887188 [EditorId] 3948887188 [Version] 1048832 [Id] WindowsEditor(7,Martin) [Debug] 1 [PackageName] WindowsEditor [ProjectName] Editor" joined multi-casting on [225.0.0.222:54997]...

Player connection [1908] Host "[IP] 192.168.5.164 [Port] 0 [Flags] 2 [Guid] 3948887188 [EditorId] 3948887188 [Version] 1048832 [Id] WindowsEditor(7,Martin) [Debug] 1 [PackageName] WindowsEditor [ProjectName] Editor" joined alternative multi-casting on [225.0.0.222:34997]...

Refreshing native plugins compatible for Editor in 73.99 ms, found 4 plugins.
Preloading 0 native plugins for Editor in 0.00 ms.
Initialize engine version: 2021.3.16f1 (4016570cf34f)
[Subsystems] Discovering subsystems at path C:/Program Files/Unity/Hub/Editor/2021.3.16f1/Editor/Data/Resources/UnitySubsystems
[Subsystems] Discovering subsystems at path D:/Projects/UnityGameEngine/SoftwareEngineering/Word Invaders/Assets
GfxDevice: creating device client; threaded=0; jobified=0
Direct3D:
    Version:  Direct3D 11.0 [level 11.1]
    Renderer: Radeon RX 570 Series (ID=0x67df)
    Vendor:   ATI
    VRAM:     4074 MB
    Driver:   31.0.12044.3
Initialize mono
Mono path[0] = 'C:/Program Files/Unity/Hub/Editor/2021.3.16f1/Editor/Data/Managed'
Mono path[1] = 'C:/Program Files/Unity/Hub/Editor/2021.3.16f1/Editor/Data/MonoBleedingEdge/lib/mono/unityjit-win32'
Mono config path = 'C:/Program Files/Unity/Hub/Editor/2021.3.16f1/Editor/Data/MonoBleedingEdge/etc'
Using monoOptions --debugger-agent=transport=dt_socket,embedding=1,server=y,suspend=n,address=127.0.0.1:56900
Begin MonoManager ReloadAssembly
Registering precompiled unity dll's ...
Register platform support module: C:/Program Files/Unity/Hub/Editor/2021.3.16f1/Editor/Data/PlaybackEngines/WindowsStandaloneSupport/UnityEditor.WindowsStandalone.Extensions.dll
Registered in 0.003361 seconds.
Native extension for WindowsStandalone target not found
Refreshing native plugins compatible for Editor in 76.34 ms, found 4 plugins.
Preloading 0 native plugins for Editor in 0.00 ms.
Mono: successfully reloaded assembly
- Completed reload, in  0.517 seconds
Domain Reload Profiling:
	ReloadAssembly (518ms)
		BeginReloadAssembly (58ms)
			ExecutionOrderSort (0ms)
			DisableScriptedObjects (0ms)
			BackupInstance (0ms)
			ReleaseScriptingObjects (0ms)
			CreateAndSetChildDomain (1ms)
		EndReloadAssembly (370ms)
			LoadAssemblies (56ms)
			RebuildTransferFunctionScriptingTraits (0ms)
			SetupTypeCache (86ms)
			ReleaseScriptCaches (0ms)
			RebuildScriptCaches (20ms)
			SetupLoadedEditorAssemblies (224ms)
				LogAssemblyErrors (0ms)
				InitializePlatformSupportModulesInManaged (6ms)
				SetLoadedEditorAssemblies (0ms)
				RefreshPlugins (76ms)
				BeforeProcessingInitializeOnLoad (1ms)
				ProcessInitializeOnLoadAttributes (101ms)
				ProcessInitializeOnLoadMethodAttributes (40ms)
				AfterProcessingInitializeOnLoad (0ms)
				EditorAssembliesLoaded (0ms)
			ExecutionOrderSort2 (0ms)
			AwakeInstancesAfterBackupRestoration (0ms)
Platform modules already initialized, skipping
Registering precompiled user dll's ...
Registered in 0.003357 seconds.
Begin MonoManager ReloadAssembly
Symbol file LoadedFromMemory doesn't match image D:\Projects\UnityGameEngine\SoftwareEngineering\Word Invaders\Library\PackageCache\com.unity.visualscripting@1.8.0\Editor\VisualScripting.Core\Dependencies\YamlDotNet\Unity.VisualScripting.YamlDotNet.dll
Symbol file LoadedFromMemory doesn't match image D:\Projects\UnityGameEngine\SoftwareEngineering\Word Invaders\Library\PackageCache\com.unity.visualscripting@1.8.0\Editor\VisualScripting.Core\Dependencies\DotNetZip\Unity.VisualScripting.IonicZip.dll
Native extension for WindowsStandalone target not found
Refreshing native plugins compatible for Editor in 76.37 ms, found 4 plugins.
Preloading 0 native plugins for Editor in 0.00 ms.
Mono: successfully reloaded assembly
- Completed reload, in  0.883 seconds
Domain Reload Profiling:
	ReloadAssembly (883ms)
		BeginReloadAssembly (87ms)
			ExecutionOrderSort (0ms)
			DisableScriptedObjects (5ms)
			BackupInstance (0ms)
			ReleaseScriptingObjects (0ms)
			CreateAndSetChildDomain (19ms)
		EndReloadAssembly (708ms)
			LoadAssemblies (63ms)
			RebuildTransferFunctionScriptingTraits (0ms)
			SetupTypeCache (177ms)
			ReleaseScriptCaches (1ms)
			RebuildScriptCaches (41ms)
			SetupLoadedEditorAssemblies (379ms)
				LogAssemblyErrors (0ms)
				InitializePlatformSupportModulesInManaged (4ms)
				SetLoadedEditorAssemblies (0ms)
				RefreshPlugins (76ms)
				BeforeProcessingInitializeOnLoad (80ms)
				ProcessInitializeOnLoadAttributes (182ms)
				ProcessInitializeOnLoadMethodAttributes (30ms)
				AfterProcessingInitializeOnLoad (6ms)
				EditorAssembliesLoaded (0ms)
			ExecutionOrderSort2 (0ms)
			AwakeInstancesAfterBackupRestoration (8ms)
Platform modules already initialized, skipping
========================================================================
Worker process is ready to serve import requests
Launched and connected shader compiler UnityShaderCompiler.exe after 0.05 seconds
Refreshing native plugins compatible for Editor in 0.61 ms, found 4 plugins.
Preloading 0 native plugins for Editor in 0.00 ms.
Unloading 3765 Unused Serialized files (Serialized files now loaded: 0)
Unloading 35 unused Assets / (56.4 KB). Loaded Objects now: 4227.
Memory consumption went from 146.0 MB to 145.9 MB.
Total: 3.045000 ms (FindLiveObjects: 0.264700 ms CreateObjectMapping: 0.210200 ms MarkObjects: 2.498700 ms  DeleteObjects: 0.070300 ms)

AssetImportParameters requested are different than current active one (requested -> active):
  custom:video-decoder-ogg-theora: a1e56fd34408186e4bbccfd4996cb3dc -> 
  custom:container-muxer-webm: aa71ff27fc2769a1b78a27578f13a17b -> 
  custom:container-demuxer-webm: 4f35f7cbe854078d1ac9338744f61a02 -> 
  custom:video-encoder-webm-vp8: eb34c28f22e8b96e1ab97ce403110664 -> 
  custom:audio-encoder-webm-vorbis: bf7c407c2cedff20999df2af8eb42d56 -> 
  custom:framework-win-MediaFoundation: 216162199b28c13a410421893ffa2e32 -> 
  custom:container-demuxer-ogg: 62fdf1f143b41e24485cea50d1cbac27 -> 
  custom:video-decoder-webm-vp8: 9c59270c3fd7afecdb556c50c9e8de78 -> 
  custom:audio-decoder-ogg-vorbis: bf7c407c2cedff20999df2af8eb42d56 -> 
========================================================================
Received Import Request.
  Time since last request: 98917.507331 seconds.
  path: Assets/Assets/LevelsMap/element_game_23.png
  artifactKey: Guid(81dd3fe454fa9234ea1568e33eab4c23) Importer(815301076,1909f56bfc062723c751e8b465ee728b)
Start importing Assets/Assets/LevelsMap/element_game_23.png using Guid(81dd3fe454fa9234ea1568e33eab4c23) Importer(815301076,1909f56bfc062723c751e8b465ee728b)  -> (artifact id: '510c2613d4831a97875539aa34d75adb') in 0.259052 seconds 
========================================================================
Received Import Request.
  Time since last request: 2.540694 seconds.
  path: Assets/Assets/LevelsMap/FirstMap
  artifactKey: Guid(21446e095c9dc264a92417d3ec150ab0) Importer(815301076,1909f56bfc062723c751e8b465ee728b)
Start importing Assets/Assets/LevelsMap/FirstMap using Guid(21446e095c9dc264a92417d3ec150ab0) Importer(815301076,1909f56bfc062723c751e8b465ee728b)  -> (artifact id: '5a6f9865b0b79ef2e015fe280be1d737') in 0.005115 seconds 
========================================================================
Received Import Request.
  Time since last request: 0.038208 seconds.
  path: Assets/Assets/LevelsMap/FirstMap/TX Plant.png
  artifactKey: Guid(de3b8da7a66aa544a8995ccae5464dda) Importer(815301076,1909f56bfc062723c751e8b465ee728b)
Start importing Assets/Assets/LevelsMap/FirstMap/TX Plant.png using Guid(de3b8da7a66aa544a8995ccae5464dda) Importer(815301076,1909f56bfc062723c751e8b465ee728b)  -> (artifact id: '17a3c21781c9b81151fbe23e6b40dd5d') in 0.074515 seconds 
========================================================================
Received Import Request.
  Time since last request: 0.000020 seconds.
  path: Assets/Assets/LevelsMap/FirstMap/TX Struct.png
  artifactKey: Guid(c12d9b510ac27684791f496d8e38f2a6) Importer(815301076,1909f56bfc062723c751e8b465ee728b)
Start importing Assets/Assets/LevelsMap/FirstMap/TX Struct.png using Guid(c12d9b510ac27684791f496d8e38f2a6) Importer(815301076,1909f56bfc062723c751e8b465ee728b)  -> (artifact id: '238ca86c0fbe1a67b55e1d3c15e8808c') in 0.046857 seconds 
========================================================================
Received Import Request.
  Time since last request: 0.000028 seconds.
  path: Assets/Assets/LevelsMap/FirstMap/TX Tileset Wall.png
  artifactKey: Guid(12b1f3cd52094144583489f89e073dbd) Importer(815301076,1909f56bfc062723c751e8b465ee728b)
Start importing Assets/Assets/LevelsMap/FirstMap/TX Tileset Wall.png using Guid(12b1f3cd52094144583489f89e073dbd) Importer(815301076,1909f56bfc062723c751e8b465ee728b)  -> (artifact id: '07b5c8acda4014903baba676fbcabd2c') in 0.029163 seconds 
========================================================================
Received Import Request.
  Time since last request: 0.000019 seconds.
  path: Assets/Assets/LevelsMap/FirstMap/TX Tileset Stone Ground.png
  artifactKey: Guid(6c0d03cd3ac670b4bbc474e88d8c2a7a) Importer(815301076,1909f56bfc062723c751e8b465ee728b)
Start importing Assets/Assets/LevelsMap/FirstMap/TX Tileset Stone Ground.png using Guid(6c0d03cd3ac670b4bbc474e88d8c2a7a) Importer(815301076,1909f56bfc062723c751e8b465ee728b)  -> (artifact id: 'a035e153cbfa283fec1f982d685860df') in 0.078933 seconds 
========================================================================
Received Import Request.
  Time since last request: 0.000016 seconds.
  path: Assets/Assets/LevelsMap/FirstMap/TX Tileset Grass.png
  artifactKey: Guid(e970dd75cccb4144790608722f8c252c) Importer(815301076,1909f56bfc062723c751e8b465ee728b)
Start importing Assets/Assets/LevelsMap/FirstMap/TX Tileset Grass.png using Guid(e970dd75cccb4144790608722f8c252c) Importer(815301076,1909f56bfc062723c751e8b465ee728b)  -> (artifact id: '1db49ae5573a7d6764dc4547b3eaa6a1') in 0.030191 seconds 
========================================================================
Received Import Request.
  Time since last request: 0.000020 seconds.
  path: Assets/Assets/LevelsMap/FirstMap/TX Shadow Plant.png
  artifactKey: Guid(af14981eaede6814db50863e58fcc377) Importer(815301076,1909f56bfc062723c751e8b465ee728b)
Start importing Assets/Assets/LevelsMap/FirstMap/TX Shadow Plant.png using Guid(af14981eaede6814db50863e58fcc377) Importer(815301076,1909f56bfc062723c751e8b465ee728b)  -> (artifact id: 'b052cda6e37baffc63c4f03fc183c754') in 0.028085 seconds 
Editor requested this worker to shutdown with reason: Scaling down because of idle timeout
AssetImportWorker is now disconnected from the server
Process exiting
Exiting without the bug reporter. Application will terminate with return code 0