Using pre-set license
Built from '2021.3/staging' branch; Version is '2021.3.16f1 (4016570cf34f) revision 4200023'; Using compiler version '192829333'; Build Type 'Release'
OS: 'Windows 11  (10.0.22621) 64bit Professional' Language: 'en' Physical Memory: 14229 MB
BatchMode: 1, IsHumanControllingUs: 0, StartBugReporterOnCrash: 0, Is64bit: 1, IsPro: 1

COMMAND LINE ARGUMENTS:
C:\Program Files\Unity\Hub\Editor\2021.3.16f1\Editor\Unity.exe
-adb2
-batchMode
-noUpm
-name
AssetImportWorker2
-projectPath
D:/Projects/UnityGameEngine/SoftwareEngineering/Word Invaders
-logFile
Logs/AssetImportWorker2.log
-srvPort
65443
Successfully changed project path to: D:/Projects/UnityGameEngine/SoftwareEngineering/Word Invaders
D:/Projects/UnityGameEngine/SoftwareEngineering/Word Invaders
[UnityMemory] Configuration Parameters - Can be set up in boot.config
    "memorysetup-bucket-allocator-granularity=16"
    "memorysetup-bucket-allocator-bucket-count=8"
    "memorysetup-bucket-allocator-block-size=33554432"
    "memorysetup-bucket-allocator-block-count=8"
    "memorysetup-main-allocator-block-size=16777216"
    "memorysetup-thread-allocator-block-size=16777216"
    "memorysetup-gfx-main-allocator-block-size=16777216"
    "memorysetup-gfx-thread-allocator-block-size=16777216"
    "memorysetup-cache-allocator-block-size=4194304"
    "memorysetup-typetree-allocator-block-size=2097152"
    "memorysetup-profiler-bucket-allocator-granularity=16"
    "memorysetup-profiler-bucket-allocator-bucket-count=8"
    "memorysetup-profiler-bucket-allocator-block-size=33554432"
    "memorysetup-profiler-bucket-allocator-block-count=8"
    "memorysetup-profiler-allocator-block-size=16777216"
    "memorysetup-profiler-editor-allocator-block-size=1048576"
    "memorysetup-temp-allocator-size-main=16777216"
    "memorysetup-job-temp-allocator-block-size=2097152"
    "memorysetup-job-temp-allocator-block-size-background=1048576"
    "memorysetup-job-temp-allocator-reduction-small-platforms=262144"
    "memorysetup-temp-allocator-size-background-worker=32768"
    "memorysetup-temp-allocator-size-job-worker=262144"
    "memorysetup-temp-allocator-size-preload-manager=33554432"
    "memorysetup-temp-allocator-size-nav-mesh-worker=65536"
    "memorysetup-temp-allocator-size-audio-worker=65536"
    "memorysetup-temp-allocator-size-cloud-worker=32768"
    "memorysetup-temp-allocator-size-gi-baking-worker=262144"
    "memorysetup-temp-allocator-size-gfx=262144"
Player connection [14552] Host "[IP] 192.168.5.164 [Port] 0 [Flags] 2 [Guid] 663484357 [EditorId] 663484357 [Version] 1048832 [Id] WindowsEditor(7,Martin) [Debug] 1 [PackageName] WindowsEditor [ProjectName] Editor" joined multi-casting on [225.0.0.222:54997]...

Player connection [14552] Host "[IP] 192.168.5.164 [Port] 0 [Flags] 2 [Guid] 663484357 [EditorId] 663484357 [Version] 1048832 [Id] WindowsEditor(7,Martin) [Debug] 1 [PackageName] WindowsEditor [ProjectName] Editor" joined alternative multi-casting on [225.0.0.222:34997]...

Refreshing native plugins compatible for Editor in 76.35 ms, found 4 plugins.
Preloading 0 native plugins for Editor in 0.00 ms.
Initialize engine version: 2021.3.16f1 (4016570cf34f)
[Subsystems] Discovering subsystems at path C:/Program Files/Unity/Hub/Editor/2021.3.16f1/Editor/Data/Resources/UnitySubsystems
[Subsystems] Discovering subsystems at path D:/Projects/UnityGameEngine/SoftwareEngineering/Word Invaders/Assets
GfxDevice: creating device client; threaded=0; jobified=0
Direct3D:
    Version:  Direct3D 11.0 [level 11.1]
    Renderer: Radeon RX 570 Series (ID=0x67df)
    Vendor:   ATI
    VRAM:     4074 MB
    Driver:   31.0.12044.3
Initialize mono
Mono path[0] = 'C:/Program Files/Unity/Hub/Editor/2021.3.16f1/Editor/Data/Managed'
Mono path[1] = 'C:/Program Files/Unity/Hub/Editor/2021.3.16f1/Editor/Data/MonoBleedingEdge/lib/mono/unityjit-win32'
Mono config path = 'C:/Program Files/Unity/Hub/Editor/2021.3.16f1/Editor/Data/MonoBleedingEdge/etc'
Using monoOptions --debugger-agent=transport=dt_socket,embedding=1,server=y,suspend=n,address=127.0.0.1:56928
Begin MonoManager ReloadAssembly
Registering precompiled unity dll's ...
Register platform support module: C:/Program Files/Unity/Hub/Editor/2021.3.16f1/Editor/Data/PlaybackEngines/WindowsStandaloneSupport/UnityEditor.WindowsStandalone.Extensions.dll
Registered in 0.003246 seconds.
Native extension for WindowsStandalone target not found
Refreshing native plugins compatible for Editor in 71.88 ms, found 4 plugins.
Preloading 0 native plugins for Editor in 0.00 ms.
Mono: successfully reloaded assembly
- Completed reload, in  0.491 seconds
Domain Reload Profiling:
	ReloadAssembly (491ms)
		BeginReloadAssembly (57ms)
			ExecutionOrderSort (0ms)
			DisableScriptedObjects (0ms)
			BackupInstance (0ms)
			ReleaseScriptingObjects (0ms)
			CreateAndSetChildDomain (1ms)
		EndReloadAssembly (350ms)
			LoadAssemblies (56ms)
			RebuildTransferFunctionScriptingTraits (0ms)
			SetupTypeCache (75ms)
			ReleaseScriptCaches (0ms)
			RebuildScriptCaches (22ms)
			SetupLoadedEditorAssemblies (213ms)
				LogAssemblyErrors (0ms)
				InitializePlatformSupportModulesInManaged (6ms)
				SetLoadedEditorAssemblies (0ms)
				RefreshPlugins (72ms)
				BeforeProcessingInitializeOnLoad (1ms)
				ProcessInitializeOnLoadAttributes (99ms)
				ProcessInitializeOnLoadMethodAttributes (35ms)
				AfterProcessingInitializeOnLoad (0ms)
				EditorAssembliesLoaded (0ms)
			ExecutionOrderSort2 (0ms)
			AwakeInstancesAfterBackupRestoration (0ms)
Platform modules already initialized, skipping
Registering precompiled user dll's ...
Registered in 0.003214 seconds.
Begin MonoManager ReloadAssembly
Symbol file LoadedFromMemory doesn't match image D:\Projects\UnityGameEngine\SoftwareEngineering\Word Invaders\Library\PackageCache\com.unity.visualscripting@1.8.0\Editor\VisualScripting.Core\Dependencies\YamlDotNet\Unity.VisualScripting.YamlDotNet.dll
Symbol file LoadedFromMemory doesn't match image D:\Projects\UnityGameEngine\SoftwareEngineering\Word Invaders\Library\PackageCache\com.unity.visualscripting@1.8.0\Editor\VisualScripting.Core\Dependencies\DotNetZip\Unity.VisualScripting.IonicZip.dll
Native extension for WindowsStandalone target not found
Refreshing native plugins compatible for Editor in 67.88 ms, found 4 plugins.
Preloading 0 native plugins for Editor in 0.00 ms.
Mono: successfully reloaded assembly
- Completed reload, in  0.843 seconds
Domain Reload Profiling:
	ReloadAssembly (844ms)
		BeginReloadAssembly (87ms)
			ExecutionOrderSort (0ms)
			DisableScriptedObjects (5ms)
			BackupInstance (0ms)
			ReleaseScriptingObjects (0ms)
			CreateAndSetChildDomain (19ms)
		EndReloadAssembly (669ms)
			LoadAssemblies (60ms)
			RebuildTransferFunctionScriptingTraits (0ms)
			SetupTypeCache (167ms)
			ReleaseScriptCaches (1ms)
			RebuildScriptCaches (41ms)
			SetupLoadedEditorAssemblies (355ms)
				LogAssemblyErrors (0ms)
				InitializePlatformSupportModulesInManaged (3ms)
				SetLoadedEditorAssemblies (0ms)
				RefreshPlugins (68ms)
				BeforeProcessingInitializeOnLoad (73ms)
				ProcessInitializeOnLoadAttributes (176ms)
				ProcessInitializeOnLoadMethodAttributes (30ms)
				AfterProcessingInitializeOnLoad (5ms)
				EditorAssembliesLoaded (0ms)
			ExecutionOrderSort2 (0ms)
			AwakeInstancesAfterBackupRestoration (6ms)
Platform modules already initialized, skipping
========================================================================
Worker process is ready to serve import requests
Launched and connected shader compiler UnityShaderCompiler.exe after 0.05 seconds
Refreshing native plugins compatible for Editor in 0.61 ms, found 4 plugins.
Preloading 0 native plugins for Editor in 0.00 ms.
Unloading 3765 Unused Serialized files (Serialized files now loaded: 0)
Unloading 35 unused Assets / (56.4 KB). Loaded Objects now: 4227.
Memory consumption went from 146.0 MB to 145.9 MB.
Total: 2.849200 ms (FindLiveObjects: 0.245300 ms CreateObjectMapping: 0.203600 ms MarkObjects: 2.333000 ms  DeleteObjects: 0.066300 ms)

AssetImportParameters requested are different than current active one (requested -> active):
  custom:video-decoder-ogg-theora: a1e56fd34408186e4bbccfd4996cb3dc -> 
  custom:container-muxer-webm: aa71ff27fc2769a1b78a27578f13a17b -> 
  custom:container-demuxer-webm: 4f35f7cbe854078d1ac9338744f61a02 -> 
  custom:video-encoder-webm-vp8: eb34c28f22e8b96e1ab97ce403110664 -> 
  custom:audio-encoder-webm-vorbis: bf7c407c2cedff20999df2af8eb42d56 -> 
  custom:framework-win-MediaFoundation: 216162199b28c13a410421893ffa2e32 -> 
  custom:container-demuxer-ogg: 62fdf1f143b41e24485cea50d1cbac27 -> 
  custom:video-decoder-webm-vp8: 9c59270c3fd7afecdb556c50c9e8de78 -> 
  custom:audio-decoder-ogg-vorbis: bf7c407c2cedff20999df2af8eb42d56 -> 
========================================================================
Received Import Request.
  Time since last request: 98939.963122 seconds.
  path: Assets/Assets/LevelsMap/FirstMapUI
  artifactKey: Guid(21446e095c9dc264a92417d3ec150ab0) Importer(815301076,1909f56bfc062723c751e8b465ee728b)
Start importing Assets/Assets/LevelsMap/FirstMapUI using Guid(21446e095c9dc264a92417d3ec150ab0) Importer(815301076,1909f56bfc062723c751e8b465ee728b)  -> (artifact id: '23c155a8c87088292c54b7999f8fcbff') in 0.010288 seconds 
========================================================================
Received Import Request.
  Time since last request: 21.131146 seconds.
  path: Assets/Assets/LevelsMap/StagesMapUI
  artifactKey: Guid(2deb3448dec9bac41b40636584af64ee) Importer(815301076,1909f56bfc062723c751e8b465ee728b)
Start importing Assets/Assets/LevelsMap/StagesMapUI using Guid(2deb3448dec9bac41b40636584af64ee) Importer(815301076,1909f56bfc062723c751e8b465ee728b)  -> (artifact id: '41c51ccb4109a7fb118b34f56744233e') in 0.004813 seconds 
========================================================================
Received Import Request.
  Time since last request: 18.788359 seconds.
  path: Assets/Assets/LevelsMap/StagesMapUI/Backgrounds
  artifactKey: Guid(26bc9f7951361c24596d94de29146823) Importer(815301076,1909f56bfc062723c751e8b465ee728b)
Start importing Assets/Assets/LevelsMap/StagesMapUI/Backgrounds using Guid(26bc9f7951361c24596d94de29146823) Importer(815301076,1909f56bfc062723c751e8b465ee728b)  -> (artifact id: 'aa325546b429a1da89173d41d8878383') in 0.005535 seconds 
========================================================================
Received Import Request.
  Time since last request: 24.668842 seconds.
  path: Assets/Assets/LevelsMap/StagesMapUI/Platforms
  artifactKey: Guid(4873334a594c72548a195620f36dbe56) Importer(815301076,1909f56bfc062723c751e8b465ee728b)
Start importing Assets/Assets/LevelsMap/StagesMapUI/Platforms using Guid(4873334a594c72548a195620f36dbe56) Importer(815301076,1909f56bfc062723c751e8b465ee728b)  -> (artifact id: 'eea9d1f9069a7aebdd921bf3dcd15a9f') in 0.005207 seconds 
========================================================================
Received Import Request.
  Time since last request: 60.021178 seconds.
  path: Assets/Assets/UI-Assets/Wood-UI
  artifactKey: Guid(f3f00cb1814d42347b7f4d34ea0dcaa8) Importer(815301076,1909f56bfc062723c751e8b465ee728b)
Start importing Assets/Assets/UI-Assets/Wood-UI using Guid(f3f00cb1814d42347b7f4d34ea0dcaa8) Importer(815301076,1909f56bfc062723c751e8b465ee728b)  -> (artifact id: '33deaaf1574220503f78fabd2af7b7b5') in 0.004930 seconds 
========================================================================
Received Import Request.
  Time since last request: 98.116220 seconds.
  path: Assets/Assets/UI-Assets/Platforms/2D
  artifactKey: Guid(883f432e08f41c74bad99892d3414a16) Importer(815301076,1909f56bfc062723c751e8b465ee728b)
Start importing Assets/Assets/UI-Assets/Platforms/2D using Guid(883f432e08f41c74bad99892d3414a16) Importer(815301076,1909f56bfc062723c751e8b465ee728b)  -> (artifact id: 'ddfe626b8b22819553d9ce8ace1f7bfa') in 0.004711 seconds 
========================================================================
Received Import Request.
  Time since last request: 22.929295 seconds.
  path: Assets/Assets/UI-Assets/Platforms/Map
  artifactKey: Guid(883f432e08f41c74bad99892d3414a16) Importer(815301076,1909f56bfc062723c751e8b465ee728b)
Start importing Assets/Assets/UI-Assets/Platforms/Map using Guid(883f432e08f41c74bad99892d3414a16) Importer(815301076,1909f56bfc062723c751e8b465ee728b)  -> (artifact id: 'd1e86f0ddb1554f1819790f458ee299d') in 0.004864 seconds 
========================================================================
Received Import Request.
  Time since last request: 13.784206 seconds.
  path: Assets/Assets/UI-Assets/Platforms/StagesUI
  artifactKey: Guid(02e2bedd36937e44ebd960e0700fe5d1) Importer(815301076,1909f56bfc062723c751e8b465ee728b)
Start importing Assets/Assets/UI-Assets/Platforms/StagesUI using Guid(02e2bedd36937e44ebd960e0700fe5d1) Importer(815301076,1909f56bfc062723c751e8b465ee728b)  -> (artifact id: 'ac2297910fce9e87bcf4cf43314faa07') in 0.004974 seconds 
========================================================================
Received Import Request.
  Time since last request: 58.001231 seconds.
  path: Assets/Assets/UI-Assets/Platforms/StagesUI/TX-Platforms
  artifactKey: Guid(3a65b369cf845174fbc36e08bee6f66b) Importer(815301076,1909f56bfc062723c751e8b465ee728b)
Start importing Assets/Assets/UI-Assets/Platforms/StagesUI/TX-Platforms using Guid(3a65b369cf845174fbc36e08bee6f66b) Importer(815301076,1909f56bfc062723c751e8b465ee728b)  -> (artifact id: '951eb41148d70e4a0bdb4d511c3ad9a1') in 0.004747 seconds 
========================================================================
Received Prepare
Registering precompiled user dll's ...
Registered in 0.003503 seconds.
Begin MonoManager ReloadAssembly
Symbol file LoadedFromMemory doesn't match image D:\Projects\UnityGameEngine\SoftwareEngineering\Word Invaders\Library\PackageCache\com.unity.visualscripting@1.8.0\Editor\VisualScripting.Core\Dependencies\YamlDotNet\Unity.VisualScripting.YamlDotNet.dll
Symbol file LoadedFromMemory doesn't match image D:\Projects\UnityGameEngine\SoftwareEngineering\Word Invaders\Library\PackageCache\com.unity.visualscripting@1.8.0\Editor\VisualScripting.Core\Dependencies\DotNetZip\Unity.VisualScripting.IonicZip.dll
Native extension for WindowsStandalone target not found
Refreshing native plugins compatible for Editor in 0.64 ms, found 4 plugins.
Preloading 0 native plugins for Editor in 0.00 ms.
Mono: successfully reloaded assembly
- Completed reload, in  0.821 seconds
Domain Reload Profiling:
	ReloadAssembly (821ms)
		BeginReloadAssembly (103ms)
			ExecutionOrderSort (0ms)
			DisableScriptedObjects (6ms)
			BackupInstance (0ms)
			ReleaseScriptingObjects (0ms)
			CreateAndSetChildDomain (30ms)
		EndReloadAssembly (640ms)
			LoadAssemblies (65ms)
			RebuildTransferFunctionScriptingTraits (0ms)
			SetupTypeCache (190ms)
			ReleaseScriptCaches (1ms)
			RebuildScriptCaches (43ms)
			SetupLoadedEditorAssemblies (290ms)
				LogAssemblyErrors (0ms)
				InitializePlatformSupportModulesInManaged (14ms)
				SetLoadedEditorAssemblies (1ms)
				RefreshPlugins (1ms)
				BeforeProcessingInitializeOnLoad (57ms)
				ProcessInitializeOnLoadAttributes (179ms)
				ProcessInitializeOnLoadMethodAttributes (33ms)
				AfterProcessingInitializeOnLoad (7ms)
				EditorAssembliesLoaded (0ms)
			ExecutionOrderSort2 (0ms)
			AwakeInstancesAfterBackupRestoration (8ms)
Platform modules already initialized, skipping
Refreshing native plugins compatible for Editor in 2.14 ms, found 4 plugins.
Preloading 0 native plugins for Editor in 0.00 ms.
Unloading 3741 Unused Serialized files (Serialized files now loaded: 0)
Unloading 22 unused Assets / (24.6 KB). Loaded Objects now: 4230.
Memory consumption went from 144.0 MB to 144.0 MB.
Total: 3.216200 ms (FindLiveObjects: 0.222500 ms CreateObjectMapping: 0.205600 ms MarkObjects: 2.749000 ms  DeleteObjects: 0.038300 ms)

AssetImportParameters requested are different than current active one (requested -> active):
  custom:video-decoder-ogg-theora: a1e56fd34408186e4bbccfd4996cb3dc -> 
  custom:container-muxer-webm: aa71ff27fc2769a1b78a27578f13a17b -> 
  custom:container-demuxer-webm: 4f35f7cbe854078d1ac9338744f61a02 -> 
  custom:video-encoder-webm-vp8: eb34c28f22e8b96e1ab97ce403110664 -> 
  custom:audio-encoder-webm-vorbis: bf7c407c2cedff20999df2af8eb42d56 -> 
  custom:framework-win-MediaFoundation: 216162199b28c13a410421893ffa2e32 -> 
  custom:container-demuxer-ogg: 62fdf1f143b41e24485cea50d1cbac27 -> 
  custom:video-decoder-webm-vp8: 9c59270c3fd7afecdb556c50c9e8de78 -> 
  custom:audio-decoder-ogg-vorbis: bf7c407c2cedff20999df2af8eb42d56 -> 
========================================================================
Received Import Request.
  Time since last request: 212.627277 seconds.
  path: Assets/Assets/UI-Assets/Platforms/StagesMap
  artifactKey: Guid(883f432e08f41c74bad99892d3414a16) Importer(815301076,1909f56bfc062723c751e8b465ee728b)
Start importing Assets/Assets/UI-Assets/Platforms/StagesMap using Guid(883f432e08f41c74bad99892d3414a16) Importer(815301076,1909f56bfc062723c751e8b465ee728b)  -> (artifact id: 'f286f176927f71fb590d709667be4dfa') in 0.019610 seconds 
========================================================================
Received Import Request.
  Time since last request: 169.454919 seconds.
  path: Assets/ImportedPackage/Scenes
  artifactKey: Guid(4f704ae4b4f98ae41a0bce26658850c1) Importer(815301076,1909f56bfc062723c751e8b465ee728b)
Start importing Assets/ImportedPackage/Scenes using Guid(4f704ae4b4f98ae41a0bce26658850c1) Importer(815301076,1909f56bfc062723c751e8b465ee728b)  -> (artifact id: 'afdd990117e546394f17e78277df244d') in 0.007015 seconds 
========================================================================
Received Import Request.
  Time since last request: 2.246982 seconds.
  path: Assets/ImportedPackage/icons
  artifactKey: Guid(661dd85b721de6c48aa5169c83beebf6) Importer(815301076,1909f56bfc062723c751e8b465ee728b)
Start importing Assets/ImportedPackage/icons using Guid(661dd85b721de6c48aa5169c83beebf6) Importer(815301076,1909f56bfc062723c751e8b465ee728b)  -> (artifact id: '8ca9d0f9bb9347e67f4e245db6e0a23b') in 0.005732 seconds 
========================================================================
Received Import Request.
  Time since last request: 0.000018 seconds.
  path: Assets/ImportedPackage/icons/icon_07.png
  artifactKey: Guid(4c6ff0803aeb5d1418f145597c16d05e) Importer(815301076,1909f56bfc062723c751e8b465ee728b)
Start importing Assets/ImportedPackage/icons/icon_07.png using Guid(4c6ff0803aeb5d1418f145597c16d05e) Importer(815301076,1909f56bfc062723c751e8b465ee728b)  -> (artifact id: '38843edaf0744aa47a6f0e23be1b9a08') in 0.156728 seconds 
========================================================================
Received Import Request.
  Time since last request: 0.000026 seconds.
  path: Assets/ImportedPackage/icons/icon_03.png
  artifactKey: Guid(a1159ed9b89dbe04ba0056251e64e58a) Importer(815301076,1909f56bfc062723c751e8b465ee728b)
Start importing Assets/ImportedPackage/icons/icon_03.png using Guid(a1159ed9b89dbe04ba0056251e64e58a) Importer(815301076,1909f56bfc062723c751e8b465ee728b)  -> (artifact id: '0b58131684ea775c584651eb53a5cd62') in 0.086899 seconds 
========================================================================
Received Import Request.
  Time since last request: 0.000023 seconds.
  path: Assets/ImportedPackage/icons/icon_08.png
  artifactKey: Guid(b9907cd3f24a4544a9c6be4152badfde) Importer(815301076,1909f56bfc062723c751e8b465ee728b)
Start importing Assets/ImportedPackage/icons/icon_08.png using Guid(b9907cd3f24a4544a9c6be4152badfde) Importer(815301076,1909f56bfc062723c751e8b465ee728b)  -> (artifact id: '296f3a870c97f948f77205d2001f9b21') in 0.579869 seconds 
========================================================================
Received Import Request.
  Time since last request: 0.000020 seconds.
  path: Assets/ImportedPackage/icons/icon_10.png
  artifactKey: Guid(24d91ca91631e4c4da0691901c74ffb1) Importer(815301076,1909f56bfc062723c751e8b465ee728b)
Start importing Assets/ImportedPackage/icons/icon_10.png using Guid(24d91ca91631e4c4da0691901c74ffb1) Importer(815301076,1909f56bfc062723c751e8b465ee728b)  -> (artifact id: '95b0e10d5d0598b14716a47750070958') in 0.110695 seconds 
========================================================================
Received Import Request.
  Time since last request: 0.000021 seconds.
  path: Assets/ImportedPackage/icons/icon_06.png
  artifactKey: Guid(aea0e8f6213c7c44cb8c3e6204459bcc) Importer(815301076,1909f56bfc062723c751e8b465ee728b)
Start importing Assets/ImportedPackage/icons/icon_06.png using Guid(aea0e8f6213c7c44cb8c3e6204459bcc) Importer(815301076,1909f56bfc062723c751e8b465ee728b)  -> (artifact id: 'f57fb74c389229539e66873964757c56') in 0.079931 seconds 
========================================================================
Received Import Request.
  Time since last request: 4.272738 seconds.
  path: Assets/ImportedPackage/box
  artifactKey: Guid(32a7144410aaa4d4ea525d663aff29fe) Importer(815301076,1909f56bfc062723c751e8b465ee728b)
Start importing Assets/ImportedPackage/box using Guid(32a7144410aaa4d4ea525d663aff29fe) Importer(815301076,1909f56bfc062723c751e8b465ee728b)  -> (artifact id: 'a6ec56f011dc03d3d590ee3b0d5b499d') in 0.004942 seconds 
========================================================================
Received Import Request.
  Time since last request: 0.000021 seconds.
  path: Assets/ImportedPackage/box/box_login1.png
  artifactKey: Guid(cc3c83ba2287c1b4ab01866e3b98285c) Importer(815301076,1909f56bfc062723c751e8b465ee728b)
Start importing Assets/ImportedPackage/box/box_login1.png using Guid(cc3c83ba2287c1b4ab01866e3b98285c) Importer(815301076,1909f56bfc062723c751e8b465ee728b)  -> (artifact id: '46e84a44fba0181b97d62c895d924615') in 0.096407 seconds 
========================================================================
Received Import Request.
  Time since last request: 0.000017 seconds.
  path: Assets/ImportedPackage/box/box_event2.png
  artifactKey: Guid(1481334038ea30a4bbbeb1912d9230ff) Importer(815301076,1909f56bfc062723c751e8b465ee728b)
Start importing Assets/ImportedPackage/box/box_event2.png using Guid(1481334038ea30a4bbbeb1912d9230ff) Importer(815301076,1909f56bfc062723c751e8b465ee728b)  -> (artifact id: 'aa36b651f34d103fb2367951f537aff5') in 0.154778 seconds 
========================================================================
Received Import Request.
  Time since last request: 0.000022 seconds.
  path: Assets/ImportedPackage/box/box_coin3.png
  artifactKey: Guid(7ca26ee7f8f599742972114fc284ac21) Importer(815301076,1909f56bfc062723c751e8b465ee728b)
Start importing Assets/ImportedPackage/box/box_coin3.png using Guid(7ca26ee7f8f599742972114fc284ac21) Importer(815301076,1909f56bfc062723c751e8b465ee728b)  -> (artifact id: '4eb65acb5339901c90b5226e2a53a699') in 0.297825 seconds 
========================================================================
Received Import Request.
  Time since last request: 0.000021 seconds.
  path: Assets/ImportedPackage/box/box_exp2.png
  artifactKey: Guid(b44c79964f3be0747ae2b2a8a4fc8798) Importer(815301076,1909f56bfc062723c751e8b465ee728b)
Start importing Assets/ImportedPackage/box/box_exp2.png using Guid(b44c79964f3be0747ae2b2a8a4fc8798) Importer(815301076,1909f56bfc062723c751e8b465ee728b)  -> (artifact id: '0e04b61cb7caddba0c63972947e45ead') in 0.127875 seconds 
========================================================================
Received Import Request.
  Time since last request: 0.329795 seconds.
  path: Assets/ImportedPackage/box/box_login2.png
  artifactKey: Guid(5b321d4760f872f4aa9d4c5d856394c0) Importer(815301076,1909f56bfc062723c751e8b465ee728b)
Start importing Assets/ImportedPackage/box/box_login2.png using Guid(5b321d4760f872f4aa9d4c5d856394c0) Importer(815301076,1909f56bfc062723c751e8b465ee728b)  -> (artifact id: '7cfaacdb9082d8c3f9e2a67ea96d760b') in 0.666506 seconds 
========================================================================
Received Import Request.
  Time since last request: 0.000023 seconds.
  path: Assets/ImportedPackage/box/box_option1.png
  artifactKey: Guid(722bf8ea9395ad0488f853393305780b) Importer(815301076,1909f56bfc062723c751e8b465ee728b)
Start importing Assets/ImportedPackage/box/box_option1.png using Guid(722bf8ea9395ad0488f853393305780b) Importer(815301076,1909f56bfc062723c751e8b465ee728b)  -> (artifact id: '15d92367515c888e33c5d3240ab15791') in 0.555165 seconds 
========================================================================
Received Import Request.
  Time since last request: 0.562653 seconds.
  path: Assets/ImportedPackage/box/box_select2.png
  artifactKey: Guid(cfba19cc91fa2034e9f341a44621ac47) Importer(815301076,1909f56bfc062723c751e8b465ee728b)
Start importing Assets/ImportedPackage/box/box_select2.png using Guid(cfba19cc91fa2034e9f341a44621ac47) Importer(815301076,1909f56bfc062723c751e8b465ee728b)  -> (artifact id: '088140f73be457ed1060fdcada4beec4') in 0.266248 seconds 
========================================================================
Received Import Request.
  Time since last request: 0.000022 seconds.
  path: Assets/ImportedPackage/box/circle_1.png
  artifactKey: Guid(ec553aa9b5d98d84081542d078774b16) Importer(815301076,1909f56bfc062723c751e8b465ee728b)
Start importing Assets/ImportedPackage/box/circle_1.png using Guid(ec553aa9b5d98d84081542d078774b16) Importer(815301076,1909f56bfc062723c751e8b465ee728b)  -> (artifact id: '908567a1b6cb1272d8938c9e38c9bba3') in 0.151240 seconds 
========================================================================
Received Import Request.
  Time since last request: 537.095159 seconds.
  path: Assets/ImportedPackage/other/bar_exp.png
  artifactKey: Guid(169aaba8c20e92e45a85bf68e9159ff3) Importer(815301076,1909f56bfc062723c751e8b465ee728b)
Start importing Assets/ImportedPackage/other/bar_exp.png using Guid(169aaba8c20e92e45a85bf68e9159ff3) Importer(815301076,1909f56bfc062723c751e8b465ee728b)  -> (artifact id: 'd9a77992973c99da9adbc24955ba2728') in 0.065437 seconds 
========================================================================
Received Import Request.
  Time since last request: 0.000022 seconds.
  path: Assets/ImportedPackage/other/circle-shadow.png
  artifactKey: Guid(c9d86fcc013a6ec498991be3f4042401) Importer(815301076,1909f56bfc062723c751e8b465ee728b)
Start importing Assets/ImportedPackage/other/circle-shadow.png using Guid(c9d86fcc013a6ec498991be3f4042401) Importer(815301076,1909f56bfc062723c751e8b465ee728b)  -> (artifact id: '870f2b0c2b60a0edcb6459d7547addaa') in 0.053576 seconds 
========================================================================
Received Import Request.
  Time since last request: 0.000023 seconds.
  path: Assets/ImportedPackage/other/user.png
  artifactKey: Guid(7723d0c4abda2b24687491071e99af9e) Importer(815301076,1909f56bfc062723c751e8b465ee728b)
Start importing Assets/ImportedPackage/other/user.png using Guid(7723d0c4abda2b24687491071e99af9e) Importer(815301076,1909f56bfc062723c751e8b465ee728b)  -> (artifact id: '59bc53991989de4fca9c8c017eb4a331') in 0.051324 seconds 
========================================================================
Received Import Request.
  Time since last request: 0.000028 seconds.
  path: Assets/ImportedPackage/other/map_pin.png
  artifactKey: Guid(d74c8e2402f636444b9f3de105e5c8f9) Importer(815301076,1909f56bfc062723c751e8b465ee728b)
Start importing Assets/ImportedPackage/other/map_pin.png using Guid(d74c8e2402f636444b9f3de105e5c8f9) Importer(815301076,1909f56bfc062723c751e8b465ee728b)  -> (artifact id: '9083e823d466a583c96dd1776836eaf9') in 0.016508 seconds 
========================================================================
Received Import Request.
  Time since last request: 0.000033 seconds.
  path: Assets/ImportedPackage/other/user_2.png
  artifactKey: Guid(1a83ac7f195e82b40b81bc52dac17484) Importer(815301076,1909f56bfc062723c751e8b465ee728b)
Start importing Assets/ImportedPackage/other/user_2.png using Guid(1a83ac7f195e82b40b81bc52dac17484) Importer(815301076,1909f56bfc062723c751e8b465ee728b)  -> (artifact id: '04ee4c485ac92ca016375a89500ab807') in 0.087659 seconds 
Editor requested this worker to shutdown with reason: Scaling down because of idle timeout
AssetImportWorker is now disconnected from the server
Process exiting
Exiting without the bug reporter. Application will terminate with return code 0